<?xml version="1.0" encoding="UTF-8"?>
<blueprint xmlns="http://www.osgi.org/xmlns/blueprint/v1.0.0" default-activation="eager">

    <bean id="serviceBean" class="com.eclipseninja.archimedes.internal.sling.library.services.TestServiceImpl" init-method="startup"/>

    <service ref="serviceBean" interface="com.eclipseninja.archimedes.sling.library.services.TestService"/>

</blueprint>